# JRE version: OpenJDK Runtime Environment (8.0_242-b01) (build 1.8.0_242-release-1644-b01)
# Java VM: OpenJDK 64-Bit Server VM (25.242-b01 mixed mode windows-amd64 compressed oops)
Heap:
 PSYoungGen      total 570880K, used 208426K [0x00000000d5580000, 0x00000000fc000000, 0x0000000100000000)
  eden space 512000K, 37% used [0x00000000d5580000,0x00000000e0f02908,0x00000000f4980000)
  from space 58880K, 31% used [0x00000000f4980000,0x00000000f5b88010,0x00000000f8300000)
  to   space 59904K, 0% used [0x00000000f8300000,0x00000000f8300000,0x00000000fbd80000)
 ParOldGen       total 224768K, used 96160K [0x0000000080000000, 0x000000008db80000, 0x00000000d5580000)
  object space 224768K, 42% used [0x0000000080000000,0x0000000085de81a0,0x000000008db80000)
 Metaspace       used 116778K, capacity 125556K, committed 130648K, reserved 1163264K
  class space    used 15027K, capacity 16561K, committed 17536K, reserved 1048576K
GC Heap History (10 events):
Event: 9262.211 GC heap before
{Heap before GC invocations=34 (full 4):
 PSYoungGen      total 422400K, used 406972K [0x00000000d5580000, 0x00000000f5d80000, 0x0000000100000000)
  eden space 374272K, 100% used [0x00000000d5580000,0x00000000ec300000,0x00000000ec300000)
  from space 48128K, 67% used [0x00000000ec300000,0x00000000ee2ef2a0,0x00000000ef200000)
  to   space 49152K, 0% used [0x00000000f2d80000,0x00000000f2d80000,0x00000000f5d80000)
 ParOldGen       total 175616K, used 139600K [0x0000000080000000, 0x000000008ab80000, 0x00000000d5580000)
  object space 175616K, 79% used [0x0000000080000000,0x0000000088854098,0x000000008ab80000)
 Metaspace       used 119774K, capacity 130356K, committed 130648K, reserved 1163264K
  class space    used 15639K, capacity 17487K, committed 17536K, reserved 1048576K
Event: 9262.343 GC heap after
Heap after GC invocations=34 (full 4):
 PSYoungGen      total 473088K, used 49140K [0x00000000d5580000, 0x00000000f8080000, 0x0000000100000000)
  eden space 423936K, 0% used [0x00000000d5580000,0x00000000d5580000,0x00000000ef380000)
  from space 49152K, 99% used [0x00000000f2d80000,0x00000000f5d7d180,0x00000000f5d80000)
  to   space 59392K, 0% used [0x00000000ef380000,0x00000000ef380000,0x00000000f2d80000)
 ParOldGen       total 175616K, used 149826K [0x0000000080000000, 0x000000008ab80000, 0x00000000d5580000)
  object space 175616K, 85% used [0x0000000080000000,0x0000000089250a28,0x000000008ab80000)
 Metaspace       used 119774K, capacity 130356K, committed 130648K, reserved 1163264K
  class space    used 15639K, capacity 17487K, committed 17536K, reserved 1048576K
}
Event: 9262.356 GC heap before
{Heap before GC invocations=35 (full 5):
 PSYoungGen      total 473088K, used 49140K [0x00000000d5580000, 0x00000000f8080000, 0x0000000100000000)
  eden space 423936K, 0% used [0x00000000d5580000,0x00000000d5580000,0x00000000ef380000)
  from space 49152K, 99% used [0x00000000f2d80000,0x00000000f5d7d180,0x00000000f5d80000)
  to   space 59392K, 0% used [0x00000000ef380000,0x00000000ef380000,0x00000000f2d80000)
 ParOldGen       total 175616K, used 149826K [0x0000000080000000, 0x000000008ab80000, 0x00000000d5580000)
  object space 175616K, 85% used [0x0000000080000000,0x0000000089250a28,0x000000008ab80000)
 Metaspace       used 119774K, capacity 130356K, committed 130648K, reserved 1163264K
  class space    used 15639K, capacity 17487K, committed 17536K, reserved 1048576K
Event: 9263.714 GC heap after
Heap after GC invocations=35 (full 5):
 PSYoungGen      total 473088K, used 0K [0x00000000d5580000, 0x00000000f8080000, 0x0000000100000000)
  eden space 423936K, 0% used [0x00000000d5580000,0x00000000d5580000,0x00000000ef380000)
  from space 49152K, 0% used [0x00000000f2d80000,0x00000000f2d80000,0x00000000f5d80000)
  to   space 59392K, 0% used [0x00000000ef380000,0x00000000ef380000,0x00000000f2d80000)
 ParOldGen       total 224768K, used 96144K [0x0000000080000000, 0x000000008db80000, 0x00000000d5580000)
  object space 224768K, 42% used [0x0000000080000000,0x0000000085de41a0,0x000000008db80000)
 Metaspace       used 116529K, capacity 125276K, committed 130648K, reserved 1163264K
  class space    used 15018K, capacity 16549K, committed 17536K, reserved 1048576K
}
Event: 9266.013 GC heap before
{Heap before GC invocations=36 (full 5):
 PSYoungGen      total 473088K, used 423936K [0x00000000d5580000, 0x00000000f8080000, 0x0000000100000000)
  eden space 423936K, 100% used [0x00000000d5580000,0x00000000ef380000,0x00000000ef380000)
  from space 49152K, 0% used [0x00000000f2d80000,0x00000000f2d80000,0x00000000f5d80000)
  to   space 59392K, 0% used [0x00000000ef380000,0x00000000ef380000,0x00000000f2d80000)
 ParOldGen       total 224768K, used 96144K [0x0000000080000000, 0x000000008db80000, 0x00000000d5580000)
  object space 224768K, 42% used [0x0000000080000000,0x0000000085de41a0,0x000000008db80000)
 Metaspace       used 116643K, capacity 125394K, committed 130648K, reserved 1163264K
  class space    used 15024K, capacity 16558K, committed 17536K, reserved 1048576K
Event: 9266.036 GC heap after
Heap after GC invocations=36 (full 5):
 PSYoungGen      total 483328K, used 7232K [0x00000000d5580000, 0x00000000fbd80000, 0x0000000100000000)
  eden space 423936K, 0% used [0x00000000d5580000,0x00000000d5580000,0x00000000ef380000)
  from space 59392K, 12% used [0x00000000ef380000,0x00000000efa90010,0x00000000f2d80000)
  to   space 59904K, 0% used [0x00000000f8300000,0x00000000f8300000,0x00000000fbd80000)
 ParOldGen       total 224768K, used 96152K [0x0000000080000000, 0x000000008db80000, 0x00000000d5580000)
  object space 224768K, 42% used [0x0000000080000000,0x0000000085de61a0,0x000000008db80000)
 Metaspace       used 116643K, capacity 125394K, committed 130648K, reserved 1163264K
  class space    used 15024K, capacity 16558K, committed 17536K, reserved 1048576K
}
Event: 9268.216 GC heap before
{Heap before GC invocations=37 (full 5):
 PSYoungGen      total 483328K, used 431168K [0x00000000d5580000, 0x00000000fbd80000, 0x0000000100000000)
  eden space 423936K, 100% used [0x00000000d5580000,0x00000000ef380000,0x00000000ef380000)
  from space 59392K, 12% used [0x00000000ef380000,0x00000000efa90010,0x00000000f2d80000)
  to   space 59904K, 0% used [0x00000000f8300000,0x00000000f8300000,0x00000000fbd80000)
 ParOldGen       total 224768K, used 96152K [0x0000000080000000, 0x000000008db80000, 0x00000000d5580000)
  object space 224768K, 42% used [0x0000000080000000,0x0000000085de61a0,0x000000008db80000)
 Metaspace       used 116733K, capacity 125480K, committed 130648K, reserved 1163264K
  class space    used 15027K, capacity 16561K, committed 17536K, reserved 1048576K
Event: 9268.282 GC heap after
Heap after GC invocations=37 (full 5):
 PSYoungGen      total 571904K, used 12480K [0x00000000d5580000, 0x00000000fc000000, 0x0000000100000000)
  eden space 512000K, 0% used [0x00000000d5580000,0x00000000d5580000,0x00000000f4980000)
  from space 59904K, 20% used [0x00000000f8300000,0x00000000f8f30010,0x00000000fbd80000)
  to   space 58880K, 0% used [0x00000000f4980000,0x00000000f4980000,0x00000000f8300000)
 ParOldGen       total 224768K, used 96160K [0x0000000080000000, 0x000000008db80000, 0x00000000d5580000)
  object space 224768K, 42% used [0x0000000080000000,0x0000000085de81a0,0x000000008db80000)
 Metaspace       used 116733K, capacity 125480K, committed 130648K, reserved 1163264K
  class space    used 15027K, capacity 16561K, committed 17536K, reserved 1048576K
}
Event: 9271.945 GC heap before
{Heap before GC invocations=38 (full 5):
 PSYoungGen      total 571904K, used 524480K [0x00000000d5580000, 0x00000000fc000000, 0x0000000100000000)
  eden space 512000K, 100% used [0x00000000d5580000,0x00000000f4980000,0x00000000f4980000)
  from space 59904K, 20% used [0x00000000f8300000,0x00000000f8f30010,0x00000000fbd80000)
  to   space 58880K, 0% used [0x00000000f4980000,0x00000000f4980000,0x00000000f8300000)
 ParOldGen       total 224768K, used 96160K [0x0000000080000000, 0x000000008db80000, 0x00000000d5580000)
  object space 224768K, 42% used [0x0000000080000000,0x0000000085de81a0,0x000000008db80000)
 Metaspace       used 116759K, capacity 125556K, committed 130648K, reserved 1163264K
  class space    used 15027K, capacity 16561K, committed 17536K, reserved 1048576K
Event: 9272.009 GC heap after
Heap after GC invocations=38 (full 5):
 PSYoungGen      total 570880K, used 18464K [0x00000000d5580000, 0x00000000fc000000, 0x0000000100000000)
  eden space 512000K, 0% used [0x00000000d5580000,0x00000000d5580000,0x00000000f4980000)
  from space 58880K, 31% used [0x00000000f4980000,0x00000000f5b88010,0x00000000f8300000)
  to   space 59904K, 0% used [0x00000000f8300000,0x00000000f8300000,0x00000000fbd80000)
 ParOldGen       total 224768K, used 96160K [0x0000000080000000, 0x000000008db80000, 0x00000000d5580000)
  object space 224768K, 42% used [0x0000000080000000,0x0000000085de81a0,0x000000008db80000)
 Metaspace       used 116759K, capacity 125556K, committed 130648K, reserved 1163264K
  class space    used 15027K, capacity 16561K, committed 17536K, reserved 1048576K
}

