# JRE version: OpenJDK Runtime Environment (8.0_242-b01) (build 1.8.0_242-release-1644-b01)
# Java VM: OpenJDK 64-Bit Server VM (25.242-b01 mixed mode windows-amd64 compressed oops)
Heap:
 PSYoungGen      total 623104K, used 345890K [0x00000000d5580000, 0x0000000100000000, 0x0000000100000000)
  eden space 547328K, 60% used [0x00000000d5580000,0x00000000e97aa858,0x00000000f6c00000)
  from space 75776K, 21% used [0x00000000f6c00000,0x00000000f7b9e200,0x00000000fb600000)
  to   space 72704K, 0% used [0x00000000fb900000,0x00000000fb900000,0x0000000100000000)
 ParOldGen       total 259584K, used 182815K [0x0000000080000000, 0x000000008fd80000, 0x00000000d5580000)
  object space 259584K, 70% used [0x0000000080000000,0x000000008b287e40,0x000000008fd80000)
 Metaspace       used 118386K, capacity 126358K, committed 127016K, reserved 1159168K
  class space    used 15168K, capacity 16688K, committed 16936K, reserved 1048576K
GC Heap History (10 events):
Event: 752.259 GC heap before
{Heap before GC invocations=45 (full 6):
 PSYoungGen      total 627200K, used 577632K [0x00000000d5580000, 0x00000000ff900000, 0x0000000100000000)
  eden space 569856K, 100% used [0x00000000d5580000,0x00000000f8200000,0x00000000f8200000)
  from space 57344K, 13% used [0x00000000fc100000,0x00000000fc898000,0x00000000ff900000)
  to   space 60928K, 0% used [0x00000000f8200000,0x00000000f8200000,0x00000000fbd80000)
 ParOldGen       total 259584K, used 125725K [0x0000000080000000, 0x000000008fd80000, 0x00000000d5580000)
  object space 259584K, 48% used [0x0000000080000000,0x0000000087ac7460,0x000000008fd80000)
 Metaspace       used 116234K, capacity 123040K, committed 125224K, reserved 1157120K
  class space    used 14978K, capacity 16325K, committed 16936K, reserved 1048576K
Event: 752.290 GC heap after
Heap after GC invocations=45 (full 6):
 PSYoungGen      total 630784K, used 40692K [0x00000000d5580000, 0x0000000100000000, 0x0000000100000000)
  eden space 569856K, 0% used [0x00000000d5580000,0x00000000d5580000,0x00000000f8200000)
  from space 60928K, 66% used [0x00000000f8200000,0x00000000fa9bd020,0x00000000fbd80000)
  to   space 65024K, 0% used [0x00000000fc080000,0x00000000fc080000,0x0000000100000000)
 ParOldGen       total 259584K, used 130825K [0x0000000080000000, 0x000000008fd80000, 0x00000000d5580000)
  object space 259584K, 50% used [0x0000000080000000,0x0000000087fc27b8,0x000000008fd80000)
 Metaspace       used 116234K, capacity 123040K, committed 125224K, reserved 1157120K
  class space    used 14978K, capacity 16325K, committed 16936K, reserved 1048576K
}
Event: 762.737 GC heap before
{Heap before GC invocations=46 (full 6):
 PSYoungGen      total 630784K, used 610548K [0x00000000d5580000, 0x0000000100000000, 0x0000000100000000)
  eden space 569856K, 100% used [0x00000000d5580000,0x00000000f8200000,0x00000000f8200000)
  from space 60928K, 66% used [0x00000000f8200000,0x00000000fa9bd020,0x00000000fbd80000)
  to   space 65024K, 0% used [0x00000000fc080000,0x00000000fc080000,0x0000000100000000)
 ParOldGen       total 259584K, used 131094K [0x0000000080000000, 0x000000008fd80000, 0x00000000d5580000)
  object space 259584K, 50% used [0x0000000080000000,0x0000000088005b80,0x000000008fd80000)
 Metaspace       used 116677K, capacity 123488K, committed 125736K, reserved 1159168K
  class space    used 14988K, capacity 16361K, committed 16936K, reserved 1048576K
Event: 762.764 GC heap after
Heap after GC invocations=46 (full 6):
 PSYoungGen      total 633856K, used 20479K [0x00000000d5580000, 0x00000000ffc00000, 0x0000000100000000)
  eden space 572928K, 0% used [0x00000000d5580000,0x00000000d5580000,0x00000000f8500000)
  from space 60928K, 33% used [0x00000000fc080000,0x00000000fd47fc20,0x00000000ffc00000)
  to   space 60928K, 0% used [0x00000000f8500000,0x00000000f8500000,0x00000000fc080000)
 ParOldGen       total 259584K, used 133760K [0x0000000080000000, 0x000000008fd80000, 0x00000000d5580000)
  object space 259584K, 51% used [0x0000000080000000,0x00000000882a03e8,0x000000008fd80000)
 Metaspace       used 116677K, capacity 123488K, committed 125736K, reserved 1159168K
  class space    used 14988K, capacity 16361K, committed 16936K, reserved 1048576K
}
Event: 819.097 GC heap before
{Heap before GC invocations=47 (full 6):
 PSYoungGen      total 633856K, used 593407K [0x00000000d5580000, 0x00000000ffc00000, 0x0000000100000000)
  eden space 572928K, 100% used [0x00000000d5580000,0x00000000f8500000,0x00000000f8500000)
  from space 60928K, 33% used [0x00000000fc080000,0x00000000fd47fc20,0x00000000ffc00000)
  to   space 60928K, 0% used [0x00000000f8500000,0x00000000f8500000,0x00000000fc080000)
 ParOldGen       total 259584K, used 133763K [0x0000000080000000, 0x000000008fd80000, 0x00000000d5580000)
  object space 259584K, 51% used [0x0000000080000000,0x00000000882a0f88,0x000000008fd80000)
 Metaspace       used 117101K, capacity 124204K, committed 125736K, reserved 1159168K
  class space    used 15035K, capacity 16445K, committed 16936K, reserved 1048576K
Event: 819.172 GC heap after
Heap after GC invocations=47 (full 6):
 PSYoungGen      total 633856K, used 60911K [0x00000000d5580000, 0x0000000100000000, 0x0000000100000000)
  eden space 572928K, 0% used [0x00000000d5580000,0x00000000d5580000,0x00000000f8500000)
  from space 60928K, 99% used [0x00000000f8500000,0x00000000fc07bdc8,0x00000000fc080000)
  to   space 65024K, 0% used [0x00000000fc080000,0x00000000fc080000,0x0000000100000000)
 ParOldGen       total 259584K, used 156627K [0x0000000080000000, 0x000000008fd80000, 0x00000000d5580000)
  object space 259584K, 60% used [0x0000000080000000,0x00000000898f4ce0,0x000000008fd80000)
 Metaspace       used 117101K, capacity 124204K, committed 125736K, reserved 1159168K
  class space    used 15035K, capacity 16445K, committed 16936K, reserved 1048576K
}
Event: 1596.539 GC heap before
{Heap before GC invocations=48 (full 6):
 PSYoungGen      total 633856K, used 633839K [0x00000000d5580000, 0x0000000100000000, 0x0000000100000000)
  eden space 572928K, 100% used [0x00000000d5580000,0x00000000f8500000,0x00000000f8500000)
  from space 60928K, 99% used [0x00000000f8500000,0x00000000fc07bdc8,0x00000000fc080000)
  to   space 65024K, 0% used [0x00000000fc080000,0x00000000fc080000,0x0000000100000000)
 ParOldGen       total 259584K, used 156627K [0x0000000080000000, 0x000000008fd80000, 0x00000000d5580000)
  object space 259584K, 60% used [0x0000000080000000,0x00000000898f4ce0,0x000000008fd80000)
 Metaspace       used 117389K, capacity 124650K, committed 125992K, reserved 1159168K
  class space    used 15052K, capacity 16476K, committed 16936K, reserved 1048576K
Event: 1596.595 GC heap after
Heap after GC invocations=48 (full 6):
 PSYoungGen      total 612352K, used 22068K [0x00000000d5580000, 0x0000000100000000, 0x0000000100000000)
  eden space 547328K, 0% used [0x00000000d5580000,0x00000000d5580000,0x00000000f6c00000)
  from space 65024K, 33% used [0x00000000fc080000,0x00000000fd60d190,0x0000000100000000)
  to   space 75776K, 0% used [0x00000000f6c00000,0x00000000f6c00000,0x00000000fb600000)
 ParOldGen       total 259584K, used 171743K [0x0000000080000000, 0x000000008fd80000, 0x00000000d5580000)
  object space 259584K, 66% used [0x0000000080000000,0x000000008a7b7fe8,0x000000008fd80000)
 Metaspace       used 117389K, capacity 124650K, committed 125992K, reserved 1159168K
  class space    used 15052K, capacity 16476K, committed 16936K, reserved 1048576K
}
Event: 1917.950 GC heap before
{Heap before GC invocations=49 (full 6):
 PSYoungGen      total 612352K, used 569396K [0x00000000d5580000, 0x0000000100000000, 0x0000000100000000)
  eden space 547328K, 100% used [0x00000000d5580000,0x00000000f6c00000,0x00000000f6c00000)
  from space 65024K, 33% used [0x00000000fc080000,0x00000000fd60d190,0x0000000100000000)
  to   space 75776K, 0% used [0x00000000f6c00000,0x00000000f6c00000,0x00000000fb600000)
 ParOldGen       total 259584K, used 171743K [0x0000000080000000, 0x000000008fd80000, 0x00000000d5580000)
  object space 259584K, 66% used [0x0000000080000000,0x000000008a7b7fe8,0x000000008fd80000)
 Metaspace       used 118204K, capacity 126100K, committed 126760K, reserved 1159168K
  class space    used 15151K, capacity 16657K, committed 16936K, reserved 1048576K
Event: 1918.034 GC heap after
Heap after GC invocations=49 (full 6):
 PSYoungGen      total 623104K, used 15992K [0x00000000d5580000, 0x0000000100000000, 0x0000000100000000)
  eden space 547328K, 0% used [0x00000000d5580000,0x00000000d5580000,0x00000000f6c00000)
  from space 75776K, 21% used [0x00000000f6c00000,0x00000000f7b9e200,0x00000000fb600000)
  to   space 72704K, 0% used [0x00000000fb900000,0x00000000fb900000,0x0000000100000000)
 ParOldGen       total 259584K, used 182815K [0x0000000080000000, 0x000000008fd80000, 0x00000000d5580000)
  object space 259584K, 70% used [0x0000000080000000,0x000000008b287e40,0x000000008fd80000)
 Metaspace       used 118204K, capacity 126100K, committed 126760K, reserved 1159168K
  class space    used 15151K, capacity 16657K, committed 16936K, reserved 1048576K
}

