# JRE version: OpenJDK Runtime Environment (8.0_242-b01) (build 1.8.0_242-release-1644-b01)
# Java VM: OpenJDK 64-Bit Server VM (25.242-b01 mixed mode windows-amd64 compressed oops)
Heap:
 PSYoungGen      total 303104K, used 174357K [0x00000000d5580000, 0x00000000ec580000, 0x0000000100000000)
  eden space 254464K, 49% used [0x00000000d5580000,0x00000000dd047620,0x00000000e4e00000)
  from space 48640K, 99% used [0x00000000e9600000,0x00000000ec57ddf8,0x00000000ec580000)
  to   space 48640K, 0% used [0x00000000e4e00000,0x00000000e4e00000,0x00000000e7d80000)
 ParOldGen       total 363520K, used 293249K [0x0000000080000000, 0x0000000096300000, 0x00000000d5580000)
  object space 363520K, 80% used [0x0000000080000000,0x0000000091e607a8,0x0000000096300000)
 Metaspace       used 124745K, capacity 134220K, committed 134360K, reserved 1167360K
  class space    used 15673K, capacity 17340K, committed 17408K, reserved 1048576K
GC Heap History (10 events):
Event: 39672.084 GC heap before
{Heap before GC invocations=59 (full 5):
 PSYoungGen      total 262144K, used 261878K [0x00000000d5580000, 0x00000000e9800000, 0x0000000100000000)
  eden space 232960K, 100% used [0x00000000d5580000,0x00000000e3900000,0x00000000e3900000)
  from space 29184K, 99% used [0x00000000e4080000,0x00000000e5cbda90,0x00000000e5d00000)
  to   space 48640K, 0% used [0x00000000e6880000,0x00000000e6880000,0x00000000e9800000)
 ParOldGen       total 363520K, used 214245K [0x0000000080000000, 0x0000000096300000, 0x00000000d5580000)
  object space 363520K, 58% used [0x0000000080000000,0x000000008d1395b0,0x0000000096300000)
 Metaspace       used 124560K, capacity 134080K, committed 134360K, reserved 1167360K
  class space    used 15669K, capacity 17340K, committed 17408K, reserved 1048576K
Event: 39672.113 GC heap after
Heap after GC invocations=59 (full 5):
 PSYoungGen      total 279040K, used 39662K [0x00000000d5580000, 0x00000000eae00000, 0x0000000100000000)
  eden space 230400K, 0% used [0x00000000d5580000,0x00000000d5580000,0x00000000e3680000)
  from space 48640K, 81% used [0x00000000e6880000,0x00000000e8f3bb68,0x00000000e9800000)
  to   space 51200K, 0% used [0x00000000e3680000,0x00000000e3680000,0x00000000e6880000)
 ParOldGen       total 363520K, used 214293K [0x0000000080000000, 0x0000000096300000, 0x00000000d5580000)
  object space 363520K, 58% used [0x0000000080000000,0x000000008d1455b0,0x0000000096300000)
 Metaspace       used 124560K, capacity 134080K, committed 134360K, reserved 1167360K
  class space    used 15669K, capacity 17340K, committed 17408K, reserved 1048576K
}
Event: 39672.436 GC heap before
{Heap before GC invocations=60 (full 5):
 PSYoungGen      total 279040K, used 270062K [0x00000000d5580000, 0x00000000eae00000, 0x0000000100000000)
  eden space 230400K, 100% used [0x00000000d5580000,0x00000000e3680000,0x00000000e3680000)
  from space 48640K, 81% used [0x00000000e6880000,0x00000000e8f3bb68,0x00000000e9800000)
  to   space 51200K, 0% used [0x00000000e3680000,0x00000000e3680000,0x00000000e6880000)
 ParOldGen       total 363520K, used 214293K [0x0000000080000000, 0x0000000096300000, 0x00000000d5580000)
  object space 363520K, 58% used [0x0000000080000000,0x000000008d1455b0,0x0000000096300000)
 Metaspace       used 124579K, capacity 134084K, committed 134360K, reserved 1167360K
  class space    used 15669K, capacity 17340K, committed 17408K, reserved 1048576K
Event: 39672.454 GC heap after
Heap after GC invocations=60 (full 5):
 PSYoungGen      total 281600K, used 32565K [0x00000000d5580000, 0x00000000eae80000, 0x0000000100000000)
  eden space 230400K, 0% used [0x00000000d5580000,0x00000000d5580000,0x00000000e3680000)
  from space 51200K, 63% used [0x00000000e3680000,0x00000000e564d770,0x00000000e6880000)
  to   space 50176K, 0% used [0x00000000e7d80000,0x00000000e7d80000,0x00000000eae80000)
 ParOldGen       total 363520K, used 214365K [0x0000000080000000, 0x0000000096300000, 0x00000000d5580000)
  object space 363520K, 58% used [0x0000000080000000,0x000000008d1575b0,0x0000000096300000)
 Metaspace       used 124579K, capacity 134084K, committed 134360K, reserved 1167360K
  class space    used 15669K, capacity 17340K, committed 17408K, reserved 1048576K
}
Event: 39672.847 GC heap before
{Heap before GC invocations=61 (full 5):
 PSYoungGen      total 281600K, used 262965K [0x00000000d5580000, 0x00000000eae80000, 0x0000000100000000)
  eden space 230400K, 100% used [0x00000000d5580000,0x00000000e3680000,0x00000000e3680000)
  from space 51200K, 63% used [0x00000000e3680000,0x00000000e564d770,0x00000000e6880000)
  to   space 50176K, 0% used [0x00000000e7d80000,0x00000000e7d80000,0x00000000eae80000)
 ParOldGen       total 363520K, used 214365K [0x0000000080000000, 0x0000000096300000, 0x00000000d5580000)
  object space 363520K, 58% used [0x0000000080000000,0x000000008d1575b0,0x0000000096300000)
 Metaspace       used 124650K, capacity 134156K, committed 134360K, reserved 1167360K
  class space    used 15669K, capacity 17340K, committed 17408K, reserved 1048576K
Event: 39672.863 GC heap after
Heap after GC invocations=61 (full 5):
 PSYoungGen      total 303616K, used 26503K [0x00000000d5580000, 0x00000000ead80000, 0x0000000100000000)
  eden space 254464K, 0% used [0x00000000d5580000,0x00000000d5580000,0x00000000e4e00000)
  from space 49152K, 53% used [0x00000000e7d80000,0x00000000e9761c88,0x00000000ead80000)
  to   space 48640K, 0% used [0x00000000e4e00000,0x00000000e4e00000,0x00000000e7d80000)
 ParOldGen       total 363520K, used 215670K [0x0000000080000000, 0x0000000096300000, 0x00000000d5580000)
  object space 363520K, 59% used [0x0000000080000000,0x000000008d29db20,0x0000000096300000)
 Metaspace       used 124650K, capacity 134156K, committed 134360K, reserved 1167360K
  class space    used 15669K, capacity 17340K, committed 17408K, reserved 1048576K
}
Event: 39673.593 GC heap before
{Heap before GC invocations=62 (full 5):
 PSYoungGen      total 303616K, used 280965K [0x00000000d5580000, 0x00000000ead80000, 0x0000000100000000)
  eden space 254464K, 99% used [0x00000000d5580000,0x00000000e4dff9f8,0x00000000e4e00000)
  from space 49152K, 53% used [0x00000000e7d80000,0x00000000e9761c88,0x00000000ead80000)
  to   space 48640K, 0% used [0x00000000e4e00000,0x00000000e4e00000,0x00000000e7d80000)
 ParOldGen       total 363520K, used 215670K [0x0000000080000000, 0x0000000096300000, 0x00000000d5580000)
  object space 363520K, 59% used [0x0000000080000000,0x000000008d29db20,0x0000000096300000)
 Metaspace       used 124691K, capacity 134156K, committed 134360K, reserved 1167360K
  class space    used 15673K, capacity 17340K, committed 17408K, reserved 1048576K
Event: 39673.612 GC heap after
Heap after GC invocations=62 (full 5):
 PSYoungGen      total 303104K, used 19262K [0x00000000d5580000, 0x00000000ec580000, 0x0000000100000000)
  eden space 254464K, 0% used [0x00000000d5580000,0x00000000d5580000,0x00000000e4e00000)
  from space 48640K, 39% used [0x00000000e4e00000,0x00000000e60cf8e8,0x00000000e7d80000)
  to   space 48640K, 0% used [0x00000000e9600000,0x00000000e9600000,0x00000000ec580000)
 ParOldGen       total 363520K, used 225664K [0x0000000080000000, 0x0000000096300000, 0x00000000d5580000)
  object space 363520K, 62% used [0x0000000080000000,0x000000008dc60068,0x0000000096300000)
 Metaspace       used 124691K, capacity 134156K, committed 134360K, reserved 1167360K
  class space    used 15673K, capacity 17340K, committed 17408K, reserved 1048576K
}
Event: 39674.758 GC heap before
{Heap before GC invocations=63 (full 5):
 PSYoungGen      total 303104K, used 273726K [0x00000000d5580000, 0x00000000ec580000, 0x0000000100000000)
  eden space 254464K, 100% used [0x00000000d5580000,0x00000000e4e00000,0x00000000e4e00000)
  from space 48640K, 39% used [0x00000000e4e00000,0x00000000e60cf8e8,0x00000000e7d80000)
  to   space 48640K, 0% used [0x00000000e9600000,0x00000000e9600000,0x00000000ec580000)
 ParOldGen       total 363520K, used 225664K [0x0000000080000000, 0x0000000096300000, 0x00000000d5580000)
  object space 363520K, 62% used [0x0000000080000000,0x000000008dc60068,0x0000000096300000)
 Metaspace       used 124738K, capacity 134220K, committed 134360K, reserved 1167360K
  class space    used 15673K, capacity 17340K, committed 17408K, reserved 1048576K
Event: 39675.225 GC heap after
Heap after GC invocations=63 (full 5):
 PSYoungGen      total 303104K, used 48631K [0x00000000d5580000, 0x00000000ec580000, 0x0000000100000000)
  eden space 254464K, 0% used [0x00000000d5580000,0x00000000d5580000,0x00000000e4e00000)
  from space 48640K, 99% used [0x00000000e9600000,0x00000000ec57ddf8,0x00000000ec580000)
  to   space 48640K, 0% used [0x00000000e4e00000,0x00000000e4e00000,0x00000000e7d80000)
 ParOldGen       total 363520K, used 293249K [0x0000000080000000, 0x0000000096300000, 0x00000000d5580000)
  object space 363520K, 80% used [0x0000000080000000,0x0000000091e607a8,0x0000000096300000)
 Metaspace       used 124738K, capacity 134220K, committed 134360K, reserved 1167360K
  class space    used 15673K, capacity 17340K, committed 17408K, reserved 1048576K
}

